<?xml version="1.0" encoding="UTF-8"?>
<!-- Generated by org.testng.reporters.JUnitReportReporter -->
<testsuite hostname="LTIN486222" failures="0" tests="51" name="testScenarios.DisplayBookshelves" time="32.376" errors="0" timestamp="2024-02-29T10:24:02 IST" skipped="0">
  <testcase classname="testScenarios.DisplayBookshelves" name="testCaseReadJSON" time="0.061"/>
  <system-out/>
  <testcase classname="testScenarios.DisplayBookshelves" name="inputBox" time="0.317"/>
  <system-out/>
  <testcase classname="testScenarios.DisplayBookshelves" name="clickSearch" time="2.041"/>
  <system-out/>
  <testcase classname="testScenarios.DisplayBookshelves" name="popupclose" time="2.930"/>
  <system-out/>
  <testcase classname="testScenarios.DisplayBookshelves" name="scroll" time="0.058"/>
  <system-out/>
  <testcase classname="testScenarios.DisplayBookshelves" name="hoverCategory" time="0.199"/>
  <system-out/>
  <testcase classname="testScenarios.DisplayBookshelves" name="selectCategory" time="0.713"/>
  <system-out/>
  <testcase classname="testScenarios.DisplayBookshelves" name="hoverPrice" time="0.163"/>
  <system-out/>
  <testcase classname="testScenarios.DisplayBookshelves" name="slidePrice" time="8.758"/>
  <system-out/>
  <testcase classname="testScenarios.DisplayBookshelves" name="hoverSort" time="0.217"/>
  <system-out/>
  <testcase classname="testScenarios.DisplayBookshelves" name="inStockSelction" time="0.193"/>
  <system-out/>
  <testcase classname="testScenarios.DisplayBookshelves" name="collectingBookShelvesList" time="4.852"/>
  <system-out/>
  <testcase classname="testScenarios.DisplayBookshelves" name="displayingBookShelves" time="0.005"/>
  <system-out/>
  <testcase classname="testScenarios.DisplayBookshelves" name="screenShotOfBookShelves" time="0.427"/>
  <system-out/>
  <testcase classname="testScenarios.DisplayBookshelves" name="scrollUp" time="0.084"/>
  <system-out/>
  <testcase classname="testScenarios.DisplayBookshelves" name="hoverLiving" time="0.209"/>
  <system-out/>
  <testcase classname="testScenarios.DisplayBookshelves" name="waitForSubmenuToAppear" time="0.587"/>
  <system-out/>
  <testcase classname="testScenarios.DisplayBookshelves" name="listOFseatingAndChairExcel" time="0.894"/>
  <system-out/>
  <testcase classname="testScenarios.DisplayBookshelves" name="displaySubMenuSeatingandChair" time="0.159"/>
  <system-out/>
  <testcase classname="testScenarios.DisplayBookshelves" name="screenShotOfByAtLiving" time="0.394"/>
  <system-out/>
  <testcase classname="testScenarios.DisplayBookshelves" name="waitForGiftCardVisibility" time="0.067"/>
  <system-out/>
  <testcase classname="testScenarios.DisplayBookshelves" name="clickOnGiftCard" time="5.460"/>
  <system-out/>
  <testcase classname="testScenarios.DisplayBookshelves" name="clickOnBirthdayOrAnniversary" time="0.098"/>
  <system-out/>
  <testcase classname="testScenarios.DisplayBookshelves" name="enteringAmount" time="0.132"/>
  <system-out/>
  <testcase classname="testScenarios.DisplayBookshelves" name="clickOnNext" time="0.096"/>
  <system-out/>
  <testcase classname="testScenarios.DisplayBookshelves" name="enterRecipientName" time="0.168"/>
  <system-out/>
  <testcase classname="testScenarios.DisplayBookshelves" name="enterRecipientEmail" time="0.125"/>
  <system-out/>
  <testcase classname="testScenarios.DisplayBookshelves" name="enterRecipientMobile" time="0.129"/>
  <system-out/>
  <testcase classname="testScenarios.DisplayBookshelves" name="enterCustomerName" time="0.117"/>
  <system-out/>
  <testcase classname="testScenarios.DisplayBookshelves" name="enterCustomerEmail" time="0.146"/>
  <system-out/>
  <testcase classname="testScenarios.DisplayBookshelves" name="enterCustomerMobileNumber" time="0.137"/>
  <system-out/>
  <testcase classname="testScenarios.DisplayBookshelves" name="enterAddressofCustomer" time="0.204"/>
  <system-out/>
  <testcase classname="testScenarios.DisplayBookshelves" name="enterPinofCustomerPin" time="0.192"/>
  <system-out/>
  <testcase classname="testScenarios.DisplayBookshelves" name="enterMessage" time="0.133"/>
  <system-out/>
  <testcase classname="testScenarios.DisplayBookshelves" name="clickOnConfirm" time="0.083"/>
  <system-out/>
  <testcase classname="testScenarios.DisplayBookshelves" name="screenShotOfErrorMessage" time="0.187"/>
  <system-out/>
  <testcase classname="testScenarios.DisplayBookshelves" name="displayErrorMessage" time="0.029"/>
  <system-out/>
  <testcase classname="testScenarios.DisplayBookshelves" name="clearrecipientmail" time="0.181"/>
  <system-out/>
  <testcase classname="testScenarios.DisplayBookshelves" name="enterCorrectDeatils" time="0.140"/>
  <system-out/>
  <testcase classname="testScenarios.DisplayBookshelves" name="clickConfirmWithcorrectEmail" time="0.104"/>
  <system-out/>
  <testcase classname="testScenarios.DisplayBookshelves" name="confirmDetailsPage" time="0.072"/>
  <system-out/>
  <testcase classname="testScenarios.DisplayBookshelves" name="screenShotOfconfirmationPage" time="0.687"/>
  <system-out/>
  <testcase classname="testScenarios.DisplayBookshelves" name="confirmamountEnetered" time="0.069"/>
  <system-out/>
  <testcase classname="testScenarios.DisplayBookshelves" name="confirmrecipientName" time="0.059"/>
  <system-out/>
  <testcase classname="testScenarios.DisplayBookshelves" name="confirmrecipientEmail" time="0.046"/>
  <system-out/>
  <testcase classname="testScenarios.DisplayBookshelves" name="confirmrecipientMobile" time="0.046"/>
  <system-out/>
  <testcase classname="testScenarios.DisplayBookshelves" name="confirmcustomerName" time="0.051"/>
  <system-out/>
  <testcase classname="testScenarios.DisplayBookshelves" name="confirmcustomerEmail" time="0.044"/>
  <system-out/>
  <testcase classname="testScenarios.DisplayBookshelves" name="confirmcustomerMobile" time="0.045"/>
  <system-out/>
  <testcase classname="testScenarios.DisplayBookshelves" name="confirmcustomerCity" time="0.042"/>
  <system-out/>
  <testcase classname="testScenarios.DisplayBookshelves" name="confirmcustomerPinCode" time="0.026"/>
  <system-out/>
</testsuite> <!-- testScenarios.DisplayBookshelves -->
