<?xml version="1.0" encoding="UTF-8"?>
<!-- Generated by org.testng.reporters.JUnitReportReporter -->
<testsuite hostname="LTIN185426" failures="0" tests="52" name="testScenarios.DisplayBookshelves" time="32.749" errors="0" timestamp="2024-02-29T00:20:06 IST" skipped="0">
  <testcase classname="testScenarios.DisplayBookshelves" name="testCaseReadJSON" time="0.030"/>
  <testcase classname="testScenarios.DisplayBookshelves" name="inputBox" time="1.556"/>
  <testcase classname="testScenarios.DisplayBookshelves" name="clickSearch" time="1.674"/>
  <testcase classname="testScenarios.DisplayBookshelves" name="popupclose" time="3.376"/>
  <testcase classname="testScenarios.DisplayBookshelves" name="scroll" time="0.079"/>
  <testcase classname="testScenarios.DisplayBookshelves" name="hoverCategory" time="0.315"/>
  <testcase classname="testScenarios.DisplayBookshelves" name="selectCategory" time="0.219"/>
  <testcase classname="testScenarios.DisplayBookshelves" name="hoverPrice" time="0.187"/>
  <testcase classname="testScenarios.DisplayBookshelves" name="slidePrice" time="8.719"/>
  <testcase classname="testScenarios.DisplayBookshelves" name="hoverSort" time="0.202"/>
  <testcase classname="testScenarios.DisplayBookshelves" name="inStockSelction" time="0.251"/>
  <testcase classname="testScenarios.DisplayBookshelves" name="collectingBookShelvesList" time="5.676"/>
  <testcase classname="testScenarios.DisplayBookshelves" name="displayingBookShelves" time="0.001"/>
  <testcase classname="testScenarios.DisplayBookshelves" name="screenShotOfBookShelves" time="0.353"/>
  <testcase classname="testScenarios.DisplayBookshelves" name="scrollUp" time="0.057"/>
  <testcase classname="testScenarios.DisplayBookshelves" name="hoverLiving" time="0.173"/>
  <testcase classname="testScenarios.DisplayBookshelves" name="waitForSubmenuToAppear" time="0.553"/>
  <testcase classname="testScenarios.DisplayBookshelves" name="listOFseatingAndChairExcel" time="0.755"/>
  <testcase classname="testScenarios.DisplayBookshelves" name="displaySubMenuSeatingandChair" time="0.198"/>
  <testcase classname="testScenarios.DisplayBookshelves" name="screenShotOfByAtLiving" time="0.372"/>
  <testcase classname="testScenarios.DisplayBookshelves" name="waitForGiftCardVisibility" time="0.044"/>
  <testcase classname="testScenarios.DisplayBookshelves" name="clickOnGiftCard" time="3.176"/>
  <testcase classname="testScenarios.DisplayBookshelves" name="clickOnBirthdayOrAnniversary" time="0.090"/>
  <testcase classname="testScenarios.DisplayBookshelves" name="enteringAmount" time="0.283"/>
  <testcase classname="testScenarios.DisplayBookshelves" name="clickOnNext" time="0.140"/>
  <testcase classname="testScenarios.DisplayBookshelves" name="enterRecipientName" time="0.288"/>
  <testcase classname="testScenarios.DisplayBookshelves" name="enterRecipientEmail" time="0.115"/>
  <testcase classname="testScenarios.DisplayBookshelves" name="enterRecipientMobile" time="0.168"/>
  <testcase classname="testScenarios.DisplayBookshelves" name="enterCustomerName" time="0.124"/>
  <testcase classname="testScenarios.DisplayBookshelves" name="enterCustomerEmail" time="0.134"/>
  <testcase classname="testScenarios.DisplayBookshelves" name="enterCustomerMobileNumber" time="0.127"/>
  <testcase classname="testScenarios.DisplayBookshelves" name="enterAddressofCustomer" time="0.154"/>
  <testcase classname="testScenarios.DisplayBookshelves" name="enterPinofCustomerPin" time="0.172"/>
  <testcase classname="testScenarios.DisplayBookshelves" name="enterMessage" time="0.124"/>
  <testcase classname="testScenarios.DisplayBookshelves" name="clickOnConfirm" time="0.131"/>
  <testcase classname="testScenarios.DisplayBookshelves" name="screenShotOfErrorMessage" time="0.584"/>
  <testcase classname="testScenarios.DisplayBookshelves" name="displayErrorMessage" time="0.030"/>
  <testcase classname="testScenarios.DisplayBookshelves" name="clearrecipientmail" time="0.196"/>
  <testcase classname="testScenarios.DisplayBookshelves" name="enterCorrectDeatils" time="0.178"/>
  <testcase classname="testScenarios.DisplayBookshelves" name="clickConfirmWithcorrectEmail" time="0.160"/>
  <testcase classname="testScenarios.DisplayBookshelves" name="confirmDetailsPage" time="0.355"/>
  <testcase classname="testScenarios.DisplayBookshelves" name="screenShotOfconfirmationPage" time="0.477"/>
  <testcase classname="testScenarios.DisplayBookshelves" name="confirmamountEnetered" time="0.034"/>
  <testcase classname="testScenarios.DisplayBookshelves" name="confirmrecipientName" time="0.051"/>
  <testcase classname="testScenarios.DisplayBookshelves" name="confirmrecipientEmail" time="0.039"/>
  <testcase classname="testScenarios.DisplayBookshelves" name="confirmrecipientMobile" time="0.041"/>
  <testcase classname="testScenarios.DisplayBookshelves" name="confirmcustomerName" time="0.040"/>
  <testcase classname="testScenarios.DisplayBookshelves" name="confirmcustomerEmail" time="0.036"/>
  <testcase classname="testScenarios.DisplayBookshelves" name="confirmcustomerMobile" time="0.040"/>
  <testcase classname="testScenarios.DisplayBookshelves" name="confirmcustomerCity" time="0.036"/>
  <testcase classname="testScenarios.DisplayBookshelves" name="confirmcustomerPinCode" time="0.029"/>
  <testcase classname="testScenarios.DisplayBookshelves" name="screenShot" time="0.407"/>
</testsuite> <!-- testScenarios.DisplayBookshelves -->
